<?xml version="1.0" encoding="UTF-8"?>
<testng-results ignored="0" total="1" passed="1" failed="0" skipped="0">
  <reporter-output>
    <line>
      <![CDATA[Title Test Passed]]>
    </line>
    <line>
      <![CDATA[Login Page Test Passed]]>
    </line>
  </reporter-output>
  <suite started-at="2025-02-06T11:33:13 IST" name="Suite" finished-at="2025-02-06T11:33:39 IST" duration-ms="25449">
    <groups>
      <group name="cucumber">
        <method signature="AbstractTestNGCucumberTests.runScenario(io.cucumber.testng.PickleWrapper,io.cucumber.testng.FeatureWrapper)[pri:0, instance:test.TestRunnerLogin@2362f559]" name="runScenario" class="io.cucumber.testng.AbstractTestNGCucumberTests"/>
      </group> <!-- cucumber -->
    </groups>
    <test started-at="2025-02-06T11:33:13 IST" name="Test" finished-at="2025-02-06T11:33:39 IST" duration-ms="25449">
      <class name="test.TestRunnerLogin">
        <test-method is-config="true" signature="setUpClass(org.testng.ITestContext)[pri:0, instance:test.TestRunnerLogin@2362f559]" started-at="2025-02-06T11:33:14 IST" name="setUpClass" finished-at="2025-02-06T11:33:15 IST" duration-ms="1201" status="PASS">
          <params>
            <param index="0">
              <value>
                <![CDATA[org.testng.TestRunner@77ec6a3d]]>
              </value>
            </param>
          </params>
          <reporter-output>
          </reporter-output>
        </test-method> <!-- setUpClass -->
        <test-method signature="runScenario(io.cucumber.testng.PickleWrapper,io.cucumber.testng.FeatureWrapper)[pri:0, instance:test.TestRunnerLogin@2362f559]" started-at="2025-02-06T11:33:15 IST" name="runScenario" description="Runs Cucumber Scenarios" data-provider="scenarios" finished-at="2025-02-06T11:33:39 IST" duration-ms="23994" status="PASS">
          <params>
            <param index="0">
              <value>
                <![CDATA["Validate Login Scenario with valid credentials"]]>
              </value>
            </param>
            <param index="1">
              <value>
                <![CDATA["Login feature"]]>
              </value>
            </param>
          </params>
          <reporter-output>
            <line>
              <![CDATA[Title Test Passed]]>
            </line>
            <line>
              <![CDATA[Login Page Test Passed]]>
            </line>
          </reporter-output>
        </test-method> <!-- runScenario -->
        <test-method is-config="true" signature="tearDownClass()[pri:0, instance:test.TestRunnerLogin@2362f559]" started-at="2025-02-06T11:33:39 IST" name="tearDownClass" finished-at="2025-02-06T11:33:39 IST" duration-ms="158" status="PASS">
          <reporter-output>
          </reporter-output>
        </test-method> <!-- tearDownClass -->
      </class> <!-- test.TestRunnerLogin -->
    </test> <!-- Test -->
  </suite> <!-- Suite -->
</testng-results>
